<?xml version="1.0" encoding="utf-8"?><testsuites><testsuite name="pytest" errors="0" failures="0" skipped="0" tests="46" time="0.298" timestamp="2024-11-25T16:39:03.581924" hostname="ozmoz.local"><testcase classname="gib_esu.tests.helpers.test_py_utils" name="test_read_csv[csv0]" time="0.001" /><testcase classname="gib_esu.tests.helpers.test_py_utils" name="test_read_csv[esu_seri_no,esu_soket_tipi,esu_soket_sayisi,esu_soket_detay,esu_markasi,esu_modeli,il_kodu,ilce,fatura_tarihi,fatura_ettn,mukellef_vkn,mukellef_unvan,sertifika_no,sertifika_tarihi,mulkiyet_sahibi_vkn_tckn,mulkiyet_sahibi_ad_unvan\n700113,AC,1,Soket1:AC,Vestel,EVC04,&quot;034&quot;,\xdcsk\xfcdar,2024-08-29,P012024053447,,,,,,]" time="0.006" /><testcase classname="gib_esu.tests.models.test_api_yanit_model" name="test_api_yanit_model[keys0-invalid]" time="0.001" /><testcase classname="gib_esu.tests.models.test_api_yanit_model" name="test_api_yanit_model[keys1-]" time="0.000" /><testcase classname="gib_esu.tests.models.test_api_yanit_model" name="test_api_yanit_model[keys2-AB]" time="0.000" /><testcase classname="gib_esu.tests.models.test_api_yanit_model" name="test_api_yanit_model[keys3-]" time="0.001" /><testcase classname="gib_esu.tests.models.test_api_yanit_model" name="test_api_yanit_model[keys4-A1]" time="0.000" /><testcase classname="gib_esu.tests.models.test_api_yanit_model" name="test_api_yanit_model[keys5-0]" time="0.000" /><testcase classname="gib_esu.tests.models.test_api_yanit_model" name="test_api_yanit_model[keys6-]" time="0.000" /><testcase classname="gib_esu.tests.models.test_api_yanit_model" name="test_api_yanit_model[keys7-10]" time="0.000" /><testcase classname="gib_esu.tests.models.test_api_yanit_model" name="test_api_yanit_model[keys8-]" time="0.000" /><testcase classname="gib_esu.tests.models.test_esu_kapatma_model" name="test_esu_kapatma_model_validation_failure_cases[keys0-]" time="0.001" /><testcase classname="gib_esu.tests.models.test_esu_kapatma_model" name="test_esu_kapatma_model_validation_failure_cases[keys1-]" time="0.000" /><testcase classname="gib_esu.tests.models.test_esu_kapatma_model" name="test_esu_kapatma_model_validation_success_case" time="0.000" /><testcase classname="gib_esu.tests.models.test_esu_kayit_model" name="test_esu_kayit_model_validation_failure_cases[keys0-]" time="0.001" /><testcase classname="gib_esu.tests.models.test_esu_kayit_model" name="test_esu_kayit_model_validation_failure_cases[keys1-0123]" time="0.000" /><testcase classname="gib_esu.tests.models.test_esu_kayit_model" name="test_esu_kayit_model_validation_failure_cases[keys2- ]" time="0.000" /><testcase classname="gib_esu.tests.models.test_esu_kayit_model" name="test_esu_kayit_model_validation_failure_cases[keys3-]" time="0.000" /><testcase classname="gib_esu.tests.models.test_esu_kayit_model" name="test_esu_kayit_model_validation_failure_cases[keys4-]" time="0.000" /><testcase classname="gib_esu.tests.models.test_esu_kayit_model" name="test_esu_kayit_model_validation_failure_cases[keys5-]" time="0.001" /><testcase classname="gib_esu.tests.models.test_esu_kayit_model" name="test_esu_kayit_model_validation_failure_cases[keys6-AC]" time="0.000" /><testcase classname="gib_esu.tests.models.test_esu_kayit_model" name="test_esu_kayit_model_validation_failure_cases[keys7-DC/AC]" time="0.001" /><testcase classname="gib_esu.tests.models.test_esu_kayit_model" name="test_esu_kayit_model_validation_failure_cases[keys8-SoketX]" time="0.001" /><testcase classname="gib_esu.tests.models.test_esu_kayit_model" name="test_esu_kayit_model_validation_failure_cases[keys9-DC]" time="0.000" /><testcase classname="gib_esu.tests.models.test_esu_kayit_model" name="test_esu_kayit_model_validation_failure_cases[keys10-AC]" time="0.000" /><testcase classname="gib_esu.tests.models.test_esu_kayit_model" name="test_esu_kayit_model_validation_failure_cases[keys11-DC]" time="0.000" /><testcase classname="gib_esu.tests.models.test_esu_kayit_model" name="test_esu_kayit_model_validation_failure_case_soket_detay_length" time="0.000" /><testcase classname="gib_esu.tests.models.test_esu_kayit_model" name="test_esu_kayit_model_validation_success_case" time="0.000" /><testcase classname="gib_esu.tests.models.test_esu_kayit_model" name="test_esu_kayit_olustur" time="0.000" /><testcase classname="gib_esu.tests.models.test_esu_mukellef_model" name="test_esu_mukellef_model_validation_failure_cases[durum_bilgileri&gt;fatura_ettn-]" time="0.001" /><testcase classname="gib_esu.tests.models.test_esu_mukellef_model" name="test_esu_mukellef_model_validation_failure_cases[durum_bilgileri&gt;mulkiyet_sahibi_ad_unvan-ABC A.\u015e.]" time="0.001" /><testcase classname="gib_esu.tests.models.test_esu_mukellef_model" name="test_esu_mukellef_model_validation_failure_cases[durum_bilgileri&gt;sertifika_tarihi-2024-12-30]" time="0.000" /><testcase classname="gib_esu.tests.models.test_esu_mukellef_model" name="test_esu_mukellef_model_validation_failure_cases[durum_bilgileri&gt;mulkiyet_sahibi_vkn_tckn*durum_bilgileri&gt;mulkiyet_sahibi_ad_unvan*durum_bilgileri&gt;fatura_ettn*durum_bilgileri&gt;fatura_tarihi-0123456789*ABC A.\u015e.*A*2024-12-31]" time="0.000" /><testcase classname="gib_esu.tests.models.test_esu_mukellef_model" name="test_esu_mukellef_model_validation_failure_cases[durum_bilgileri&gt;mulkiyet_sahibi_vkn_tckn*durum_bilgileri&gt;mulkiyet_sahibi_ad_unvan*durum_bilgileri&gt;fatura_ettn*durum_bilgileri&gt;fatura_tarihi-***]" time="0.000" /><testcase classname="gib_esu.tests.models.test_esu_mukellef_model" name="test_esu_mukellef_model_validation_failure_cases[durum_bilgileri&gt;fatura_tarihi-23-05-2024]" time="0.000" /><testcase classname="gib_esu.tests.models.test_esu_mukellef_model" name="test_esu_mukellef_model_validation_failure_cases[durum_bilgileri&gt;mulkiyet_sahibi_vkn_tckn*durum_bilgileri&gt;mulkiyet_sahibi_ad_unvan*durum_bilgileri&gt;fatura_ettn*durum_bilgileri&gt;fatura_tarihi*durum_bilgileri&gt;sertifika_no*durum_bilgileri&gt;sertifika_tarihi-1234567890*ABC A.\u015e.***CERT01*12-15-2024]" time="0.000" /><testcase classname="gib_esu.tests.models.test_esu_mukellef_model" name="test_esu_mukellef_model_validation_failure_cases[durum_bilgileri&gt;mulkiyet_sahibi_vkn_tckn*durum_bilgileri&gt;mulkiyet_sahibi_ad_unvan*durum_bilgileri&gt;fatura_ettn*durum_bilgileri&gt;fatura_tarihi-012345678*ABC A.\u015e.**]" time="0.000" /><testcase classname="gib_esu.tests.models.test_esu_mukellef_model" name="test_esu_mukellef_model_validation_success_case" time="0.000" /><testcase classname="gib_esu.tests.models.test_esu_mukellef_model" name="test_esu_mukellef_olustur" time="0.001" /><testcase classname="gib_esu.tests.service.test_esu_servis" name="test_esu_servis_instantiation" time="0.002" /><testcase classname="gib_esu.tests.service.test_esu_servis" name="test_esu_servis_cihaz_kayit" time="0.008" /><testcase classname="gib_esu.tests.service.test_esu_servis" name="test_mukellef_kayit" time="0.003" /><testcase classname="gib_esu.tests.service.test_esu_servis" name="test_toplu_kayit" time="0.013" /><testcase classname="gib_esu.tests.service.test_esu_servis" name="test_kayit_guncelle" time="0.002" /><testcase classname="gib_esu.tests.service.test_esu_servis" name="test_toplu_guncelle" time="0.010" /><testcase classname="gib_esu.tests.service.test_esu_servis" name="test_cihaz_kapatma" time="0.003" /></testsuite></testsuites>